[    0.000000] Initializing cgroup subsys cpuset
[    0.000000] Initializing cgroup subsys cpu
[    0.000000] Initializing cgroup subsys cpuacct
[    0.000000] Linux version 4.4.0-210-generic (buildd@lgw01-amd64-009) (gcc version 5.4.0 20160609 (Ubuntu 5.4.0-6ubuntu1~16.04.12) ) #242-Ubuntu SMP Fri Apr 16 09:57:56 UTC 2021 (Ubuntu 4.4.0-210.242-generic 4.4.262)
[    0.000000] Command line: BOOT_IMAGE=/boot/vmlinuz-4.4.0-210-generic root=LABEL=cloudimg-rootfs ro console=tty1 console=ttyS0
[    0.000000] KERNEL supported cpus:
[    0.000000]   Intel GenuineIntel
[    0.000000]   AMD AuthenticAMD
[    0.000000]   Centaur CentaurHauls
[    0.000000] x86/fpu: xstate_offset[2]:  576, xstate_sizes[2]:  256
[    0.000000] x86/fpu: Supporting XSAVE feature 0x01: 'x87 floating point registers'
[    0.000000] x86/fpu: Supporting XSAVE feature 0x02: 'SSE registers'
[    0.000000] x86/fpu: Supporting XSAVE feature 0x04: 'AVX registers'
[    0.000000] x86/fpu: Enabled xstate features 0x7, context size is 832 bytes, using 'standard' format.
[    0.000000] e820: BIOS-provided physical RAM map:
[    0.000000] BIOS-e820: [mem 0x0000000000000000-0x000000000009fbff] usable
[    0.000000] BIOS-e820: [mem 0x000000000009fc00-0x000000000009ffff] reserved
[    0.000000] BIOS-e820: [mem 0x00000000000f0000-0x00000000000fffff] reserved
[    0.000000] BIOS-e820: [mem 0x0000000000100000-0x000000003ffeffff] usable
[    0.000000] BIOS-e820: [mem 0x000000003fff0000-0x000000003fffffff] ACPI data
[    0.000000] BIOS-e820: [mem 0x00000000fec00000-0x00000000fec00fff] reserved
[    0.000000] BIOS-e820: [mem 0x00000000fee00000-0x00000000fee00fff] reserved
[    0.000000] BIOS-e820: [mem 0x00000000fffc0000-0x00000000ffffffff] reserved
[    0.000000] NX (Execute Disable) protection: active
[    0.000000] SMBIOS 2.5 present.
[    0.000000] Hypervisor detected: KVM
[    0.000000] Kernel/User page tables isolation: disabled
[    0.000000] e820: last_pfn = 0x3fff0 max_arch_pfn = 0x400000000
[    0.000000] MTRR: Disabled
[    0.000000] x86/PAT: MTRRs disabled, skipping PAT initialization too.
[    0.000000] CPU MTRRs all blank - virtualized system.
[    0.000000] x86/PAT: Configuration [0-7]: WB  WT  UC- UC  WB  WT  UC- UC  
[    0.000000] found SMP MP-table at [mem 0x0009fff0-0x0009ffff] mapped at [ffff88000009fff0]
[    0.000000] Scanning 1 areas for low memory corruption
[    0.000000] RAMDISK: [mem 0x362de000-0x37166fff]
[    0.000000] ACPI: Early table checksum verification disabled
[    0.000000] ACPI: RSDP 0x00000000000E0000 000024 (v02 VBOX  )
[    0.000000] ACPI: XSDT 0x000000003FFF0030 00003C (v01 VBOX   VBOXXSDT 00000001 ASL  00000061)
[    0.000000] ACPI: FACP 0x000000003FFF00F0 0000F4 (v04 VBOX   VBOXFACP 00000001 ASL  00000061)
[    0.000000] ACPI: DSDT 0x000000003FFF0470 0022EA (v02 VBOX   VBOXBIOS 00000002 INTL 20100528)
[    0.000000] ACPI: FACS 0x000000003FFF0200 000040
[    0.000000] ACPI: FACS 0x000000003FFF0200 000040
[    0.000000] ACPI: APIC 0x000000003FFF0240 00005C (v02 VBOX   VBOXAPIC 00000001 ASL  00000061)
[    0.000000] ACPI: SSDT 0x000000003FFF02A0 0001CC (v01 VBOX   VBOXCPUT 00000002 INTL 20100528)
[    0.000000] No NUMA configuration found
[    0.000000] Faking a node at [mem 0x0000000000000000-0x000000003ffeffff]
[    0.000000] NODE_DATA(0) allocated [mem 0x3ffeb000-0x3ffeffff]
[    0.000000] kvm-clock: Using msrs 4b564d01 and 4b564d00
[    0.000000] kvm-clock: cpu 0, msr 0:3ffe3001, primary cpu clock
[    0.000000] kvm-clock: using sched offset of 3295742926 cycles
[    0.000000] clocksource: kvm-clock: mask: 0xffffffffffffffff max_cycles: 0x1cd42e4dffb, max_idle_ns: 881590591483 ns
[    0.000000] Zone ranges:
[    0.000000]   DMA      [mem 0x0000000000001000-0x0000000000ffffff]
[    0.000000]   DMA32    [mem 0x0000000001000000-0x000000003ffeffff]
[    0.000000]   Normal   empty
[    0.000000]   Device   empty
[    0.000000] Movable zone start for each node
[    0.000000] Early memory node ranges
[    0.000000]   node   0: [mem 0x0000000000001000-0x000000000009efff]
[    0.000000]   node   0: [mem 0x0000000000100000-0x000000003ffeffff]
[    0.000000] Initmem setup node 0 [mem 0x0000000000001000-0x000000003ffeffff]
[    0.000000] ACPI: PM-Timer IO Port: 0x4008
[    0.000000] IOAPIC[0]: apic_id 2, version 32, address 0xfec00000, GSI 0-23
[    0.000000] ACPI: INT_SRC_OVR (bus 0 bus_irq 0 global_irq 2 dfl dfl)
[    0.000000] ACPI: INT_SRC_OVR (bus 0 bus_irq 9 global_irq 9 low level)
[    0.000000] Using ACPI (MADT) for SMP configuration information
[    0.000000] smpboot: Allowing 2 CPUs, 0 hotplug CPUs
[    0.000000] PM: Registered nosave memory: [mem 0x00000000-0x00000fff]
[    0.000000] PM: Registered nosave memory: [mem 0x0009f000-0x0009ffff]
[    0.000000] PM: Registered nosave memory: [mem 0x000a0000-0x000effff]
[    0.000000] PM: Registered nosave memory: [mem 0x000f0000-0x000fffff]
[    0.000000] e820: [mem 0x40000000-0xfebfffff] available for PCI devices
[    0.000000] Booting paravirtualized kernel on KVM
[    0.000000] clocksource: refined-jiffies: mask: 0xffffffff max_cycles: 0xffffffff, max_idle_ns: 7645519600211568 ns
[    0.000000] setup_percpu: NR_CPUS:512 nr_cpumask_bits:512 nr_cpu_ids:2 nr_node_ids:1
[    0.000000] PERCPU: Embedded 33 pages/cpu @ffff88003fc00000 s95192 r8192 d31784 u1048576
[    0.000000] Built 1 zonelists in Node order, mobility grouping on.  Total pages: 257912
[    0.000000] Policy zone: DMA32
[    0.000000] Kernel command line: BOOT_IMAGE=/boot/vmlinuz-4.4.0-210-generic root=LABEL=cloudimg-rootfs ro console=tty1 console=ttyS0
[    0.000000] PID hash table entries: 4096 (order: 3, 32768 bytes)
[    0.000000] Memory: 997796K/1048120K available (8644K kernel code, 1332K rwdata, 4044K rodata, 1492K init, 1164K bss, 50324K reserved, 0K cma-reserved)
[    0.000000] SLUB: HWalign=64, Order=0-3, MinObjects=0, CPUs=2, Nodes=1
[    0.000000] Hierarchical RCU implementation.
[    0.000000] 	Build-time adjustment of leaf fanout to 64.
[    0.000000] 	RCU restricting CPUs from NR_CPUS=512 to nr_cpu_ids=2.
[    0.000000] RCU: Adjusting geometry for rcu_fanout_leaf=64, nr_cpu_ids=2
[    0.000000] NR_IRQS:33024 nr_irqs:440 16
[    0.000000] Console: colour VGA+ 80x25
[    0.000000] console [tty1] enabled
[    0.000000] console [ttyS0] enabled
[    0.000000] tsc: Detected 1190.401 MHz processor
[    0.147616] Calibrating delay loop (skipped) preset value.. 2380.80 BogoMIPS (lpj=4761604)
[    0.148993] pid_max: default: 32768 minimum: 301
[    0.149789] ACPI: Core revision 20150930
[    0.151151] ACPI: 2 ACPI AML tables successfully acquired and loaded
[    0.152329] Security Framework initialized
[    0.153049] Yama: becoming mindful.
[    0.153717] AppArmor: AppArmor initialized
[    0.154501] Dentry cache hash table entries: 131072 (order: 8, 1048576 bytes)
[    0.155661] Inode-cache hash table entries: 65536 (order: 7, 524288 bytes)
[    0.159544] Mount-cache hash table entries: 2048 (order: 2, 16384 bytes)
[    0.160667] Mountpoint-cache hash table entries: 2048 (order: 2, 16384 bytes)
[    0.161869] Initializing cgroup subsys io
[    0.162803] Initializing cgroup subsys memory
[    0.163617] Initializing cgroup subsys devices
[    0.164384] Initializing cgroup subsys freezer
[    0.165145] Initializing cgroup subsys net_cls
[    0.165878] Initializing cgroup subsys perf_event
[    0.166648] Initializing cgroup subsys net_prio
[    0.167455] Initializing cgroup subsys hugetlb
[    0.168212] Initializing cgroup subsys pids
[    0.172807] mce: CPU supports 0 MCE banks
[    0.174015] Last level iTLB entries: 4KB 0, 2MB 0, 4MB 0
[    0.174982] Last level dTLB entries: 4KB 0, 2MB 0, 4MB 0, 1GB 0
[    0.175928] Spectre V1 : Mitigation: usercopy/swapgs barriers and __user pointer sanitization
[    0.177472] Spectre V2 : Mitigation: Enhanced IBRS
[    0.178302] Spectre V2 : Spectre v2 / SpectreRSB mitigation: Filling RSB on context switch
[    0.179914] Speculative Store Bypass: Vulnerable
[    0.183320] Freeing SMP alternatives memory: 36K
[    0.189939] ftrace: allocating 32380 entries in 127 pages
[    0.232422] smpboot: APIC(0) Converting physical 0 to logical package 0
[    0.233804] smpboot: Max logical packages: 1
[    0.234975] x2apic enabled
[    0.235930] Switched APIC routing to physical x2apic.
[    0.238165] ..TIMER: vector=0x30 apic1=0 pin1=2 apic2=-1 pin2=-1
[    0.347504] smpboot: CPU0: Intel(R) Core(TM) i5-1035G1 CPU @ 1.00GHz (family: 0x6, model: 0x7e, stepping: 0x5)
[    0.350508] Performance Events: unsupported p6 CPU model 126 no PMU driver, software events only.
[    0.361674] KVM setup paravirtual spinlock
[    0.363341] x86: Booting SMP configuration:
[    0.364389] .... node  #0, CPUs:      #1
[    0.366046] kvm-clock: cpu 1, msr 0:3ffe3041, secondary cpu clock
[    0.373656] mce: CPU supports 0 MCE banks
[    0.377713] x86: Booted up 1 node, 2 CPUs
[    0.379413] smpboot: Total of 2 processors activated (4761.60 BogoMIPS)
[    0.381240] devtmpfs: initialized
[    0.383012] evm: security.selinux
[    0.383658] evm: security.SMACK64
[    0.384323] evm: security.SMACK64EXEC
[    0.384917] evm: security.SMACK64TRANSMUTE
[    0.385693] evm: security.SMACK64MMAP
[    0.386492] evm: security.ima
[    0.387190] evm: security.capability
[    0.388062] clocksource: jiffies: mask: 0xffffffff max_cycles: 0xffffffff, max_idle_ns: 7645041785100000 ns
[    0.389510] futex hash table entries: 512 (order: 3, 32768 bytes)
[    0.390868] pinctrl core: initialized pinctrl subsystem
[    0.391875] RTC time:  7:23:15, date: 06/18/21
[    0.395736] NET: Registered protocol family 16
[    0.410994] cpuidle: using governor ladder
[    0.425817] cpuidle: using governor menu
[    0.427288] PCCT header not found.
[    0.428358] ACPI: bus type PCI registered
[    0.429243] acpiphp: ACPI Hot Plug PCI Controller Driver version: 0.5
[    0.431135] PCI: Using configuration type 1 for base access
[    0.446571] ACPI: Added _OSI(Module Device)
[    0.447787] ACPI: Added _OSI(Processor Device)
[    0.449856] ACPI: Added _OSI(3.0 _SCP Extensions)
[    0.451735] ACPI: Added _OSI(Processor Aggregator Device)
[    0.454807] ACPI: Executed 1 blocks of module-level executable AML code
[    0.459530] ACPI: Interpreter enabled
[    0.460799] ACPI: (supports S0 S5)
[    0.461892] ACPI: Using IOAPIC for interrupt routing
[    0.463537] PCI: Using host bridge windows from ACPI; if necessary, use "pci=nocrs" and report a bug
[    0.467794] ACPI: PCI Root Bridge [PCI0] (domain 0000 [bus 00-ff])
[    0.471836] acpi PNP0A03:00: _OSC: OS supports [ASPM ClockPM Segments MSI]
[    0.473422] acpi PNP0A03:00: _OSC: not requesting OS control; OS requires [ExtendedConfig ASPM ClockPM MSI]
[    0.475278] acpi PNP0A03:00: fail to add MMCONFIG information, can't access extended PCI configuration space under this bridge.
[    0.477486] PCI host bridge to bus 0000:00
[    0.478232] pci_bus 0000:00: root bus resource [io  0x0000-0x0cf7 window]
[    0.479285] pci_bus 0000:00: root bus resource [io  0x0d00-0xffff window]
[    0.480359] pci_bus 0000:00: root bus resource [mem 0x000a0000-0x000bffff window]
[    0.482337] pci_bus 0000:00: root bus resource [mem 0x40000000-0xfdffffff window]
[    0.486266] pci_bus 0000:00: root bus resource [bus 00-ff]
[    0.490742] pci 0000:00:01.1: legacy IDE quirk: reg 0x10: [io  0x01f0-0x01f7]
[    0.492253] pci 0000:00:01.1: legacy IDE quirk: reg 0x14: [io  0x03f6]
[    0.493612] pci 0000:00:01.1: legacy IDE quirk: reg 0x18: [io  0x0170-0x0177]
[    0.494909] pci 0000:00:01.1: legacy IDE quirk: reg 0x1c: [io  0x0376]
[    0.508801] pci 0000:00:07.0: quirk: [io  0x4000-0x403f] claimed by PIIX4 ACPI
[    0.518703] pci 0000:00:07.0: quirk: [io  0x4100-0x410f] claimed by PIIX4 SMB
[    0.530137] ACPI: PCI Interrupt Link [LNKA] (IRQs 5 9 10 *11)
[    0.532929] ACPI: PCI Interrupt Link [LNKB] (IRQs 5 9 *10 11)
[    0.535336] ACPI: PCI Interrupt Link [LNKC] (IRQs 5 *9 10 11)
[    0.537465] ACPI: PCI Interrupt Link [LNKD] (IRQs 5 9 10 *11)
[    0.539091] ACPI: Enabled 2 GPEs in block 00 to 07
[    0.540599] vgaarb: setting as boot device: PCI:0000:00:02.0
[    0.541626] vgaarb: device added: PCI:0000:00:02.0,decodes=io+mem,owns=io+mem,locks=none
[    0.543634] vgaarb: loaded
[    0.544271] vgaarb: bridge control possible 0000:00:02.0
[    0.545481] SCSI subsystem initialized
[    0.546704] ACPI: bus type USB registered
[    0.547525] usbcore: registered new interface driver usbfs
[    0.548386] usbcore: registered new interface driver hub
[    0.549331] usbcore: registered new device driver usb
[    0.550756] PCI: Using ACPI for IRQ routing
[    0.552723] NetLabel: Initializing
[    0.554384] NetLabel:  domain hash size = 128
[    0.555710] NetLabel:  protocols = UNLABELED CIPSOv4
[    0.557708] NetLabel:  unlabeled traffic allowed by default
[    0.560472] amd_nb: Cannot enumerate AMD northbridges
[    0.562053] clocksource: Switched to clocksource kvm-clock
[    0.576026] AppArmor: AppArmor Filesystem Enabled
[    0.576975] pnp: PnP ACPI init
[    0.578173] pnp: PnP ACPI: found 3 devices
[    0.591030] clocksource: acpi_pm: mask: 0xffffff max_cycles: 0xffffff, max_idle_ns: 2085701024 ns
[    0.592693] NET: Registered protocol family 2
[    0.593622] TCP established hash table entries: 8192 (order: 4, 65536 bytes)
[    0.594755] TCP bind hash table entries: 8192 (order: 5, 131072 bytes)
[    0.595802] TCP: Hash tables configured (established 8192 bind 8192)
[    0.597088] UDP hash table entries: 512 (order: 2, 16384 bytes)
[    0.597969] UDP-Lite hash table entries: 512 (order: 2, 16384 bytes)
[    0.599007] NET: Registered protocol family 1
[    0.599711] pci 0000:00:00.0: Limiting direct PCI/PCI transfers
[    0.600704] pci 0000:00:01.0: Activating ISA DMA hang workarounds
[    0.604520] Unpacking initramfs...
[    0.861433] Freeing initrd memory: 14884K
[    0.862482] clocksource: tsc: mask: 0xffffffffffffffff max_cycles: 0x1128afdff82, max_idle_ns: 440795247715 ns
[    0.864605] platform rtc_cmos: registered platform RTC device (no PNP device found)
[    0.866459] Scanning for low memory corruption every 60 seconds
[    0.867939] audit: initializing netlink subsys (disabled)
[    0.868976] audit: type=2000 audit(1624001000.313:1): initialized
[    0.870111] Initialise system trusted keyring
[    0.871558] HugeTLB registered 2 MB page size, pre-allocated 0 pages
[    0.877277] zbud: loaded
[    0.879964] VFS: Disk quotas dquot_6.6.0
[    0.881103] VFS: Dquot-cache hash table entries: 512 (order 0, 4096 bytes)
[    0.884190] squashfs: version 4.0 (2009/01/31) Phillip Lougher
[    0.886918] fuse init (API version 7.23)
[    0.888413] Key type big_key registered
[    0.890271] Allocating IMA MOK and blacklist keyrings.
[    0.898725] Key type asymmetric registered
[    0.899568] Asymmetric key parser 'x509' registered
[    0.900849] Block layer SCSI generic (bsg) driver version 0.4 loaded (major 249)
[    0.903148] io scheduler noop registered
[    0.903992] io scheduler deadline registered (default)
[    0.904939] io scheduler cfq registered
[    0.905768] pci_hotplug: PCI Hot Plug PCI Core version: 0.5
[    0.906735] pciehp: PCI Express Hot Plug Controller Driver version: 0.4
[    0.907910] ACPI: AC Adapter [AC] (on-line)
[    0.908695] input: Power Button as /devices/LNXSYSTM:00/LNXPWRBN:00/input/input0
[    0.909974] ACPI: Power Button [PWRF]
[    0.910738] input: Sleep Button as /devices/LNXSYSTM:00/LNXSLPBN:00/input/input1
[    0.912017] ACPI: Sleep Button [SLPF]
[    0.912933] GHES: HEST is not enabled!
[    0.914199] ACPI: Battery Slot [BAT0] (battery present)
[    0.915108] Serial: 8250/16550 driver, 32 ports, IRQ sharing enabled
[    0.936615] 00:02: ttyS0 at I/O 0x3f8 (irq = 4, base_baud = 115200) is a 16550A
[    0.939267] Linux agpgart interface v0.103
[    0.943903] loop: module loaded
[    0.945853] scsi host0: ata_piix
[    0.947082] scsi host1: ata_piix
[    0.948231] ata1: PATA max UDMA/33 cmd 0x1f0 ctl 0x3f6 bmdma 0xd000 irq 14
[    0.950959] ata2: PATA max UDMA/33 cmd 0x170 ctl 0x376 bmdma 0xd008 irq 15
[    0.953428] libphy: Fixed MDIO Bus: probed
[    0.955052] tun: Universal TUN/TAP device driver, 1.6
[    0.956283] tun: (C) 1999-2004 Max Krasnyansky <maxk@qualcomm.com>
[    0.957949] PPP generic driver version 2.4.2
[    0.959121] ehci_hcd: USB 2.0 'Enhanced' Host Controller (EHCI) Driver
[    0.960159] ehci-pci: EHCI PCI platform driver
[    0.960907] ehci-platform: EHCI generic platform driver
[    0.961767] ohci_hcd: USB 1.1 'Open' Host Controller (OHCI) Driver
[    0.962784] ohci-pci: OHCI PCI platform driver
[    0.963561] ohci-platform: OHCI generic platform driver
[    0.964454] uhci_hcd: USB Universal Host Controller Interface driver
[    0.965507] i8042: PNP: PS/2 Controller [PNP0303:PS2K,PNP0f03:PS2M] at 0x60,0x64 irq 1,12
[    0.967637] serio: i8042 KBD port at 0x60,0x64 irq 1
[    0.968485] serio: i8042 AUX port at 0x60,0x64 irq 12
[    0.969402] mousedev: PS/2 mouse device common for all mice
[    0.970628] input: AT Translated Set 2 keyboard as /devices/platform/i8042/serio0/input/input2
[    0.972500] rtc_cmos rtc_cmos: rtc core: registered rtc_cmos as rtc0
[    0.973559] rtc_cmos rtc_cmos: alarms up to one day, 114 bytes nvram
[    0.974638] i2c /dev entries driver
[    0.975372] device-mapper: uevent: version 1.0.3
[    0.976243] device-mapper: ioctl: 4.34.0-ioctl (2015-10-28) initialised: dm-devel@redhat.com
[    0.977649] ledtrig-cpu: registered to indicate activity on CPUs
[    0.979014] NET: Registered protocol family 10
[    0.980050] NET: Registered protocol family 17
[    0.980834] Key type dns_resolver registered
[    0.981757] registered taskstats version 1
[    0.982511] Loading compiled-in X.509 certificates
[    0.983793] Loaded X.509 cert 'Build time autogenerated kernel key: cf00e047681d67edb2720680708b7d9498083038'
[    0.985382] zswap: loaded using pool lzo/zbud
[    0.987977] Key type trusted registered
[    0.993471] Key type encrypted registered
[    0.994265] AppArmor: AppArmor sha1 policy hashing enabled
[    0.995145] ima: No TPM chip found, activating TPM-bypass!
[    0.996004] ima: Allocated hash algorithm: sha1
[    0.996863] evm: HMAC attrs: 0x1
[    0.997896]   Magic number: 9:914:369
[    0.998715] rtc_cmos rtc_cmos: setting system clock to 2021-06-18 07:23:16 UTC (1624000996)
[    1.000299] BIOS EDD facility v0.16 2004-Jun-25, 0 devices found
[    1.001260] EDD information not available.
[    1.107668] Freeing unused kernel memory: 1492K
[    1.108496] Write protecting the kernel read-only data: 14336k
[    1.110095] Freeing unused kernel memory: 1584K
[    1.111128] Freeing unused kernel memory: 52K
Loading, please wait...
starting version 229
[    1.126085] random: systemd-udevd: uninitialized urandom read (16 bytes read, 1 bits of entropy available)
[    1.126767] random: udevadm: uninitialized urandom read (16 bytes read, 1 bits of entropy available)
[    1.126781] random: udevadm: uninitialized urandom read (16 bytes read, 1 bits of entropy available)
[    1.131407] random: systemd-udevd: uninitialized urandom read (16 bytes read, 1 bits of entropy available)
[    1.132955] random: udevadm: uninitialized urandom read (16 bytes read, 1 bits of entropy available)
[    1.132987] random: udevadm: uninitialized urandom read (16 bytes read, 1 bits of entropy available)
[    1.133100] random: udevadm: uninitialized urandom read (16 bytes read, 1 bits of entropy available)
[    1.133131] random: udevadm: uninitialized urandom read (16 bytes read, 1 bits of entropy available)
[    1.133163] random: udevadm: uninitialized urandom read (16 bytes read, 1 bits of entropy available)
[    1.133195] random: udevadm: uninitialized urandom read (16 bytes read, 1 bits of entropy available)
[    1.167418] e1000: Intel(R) PRO/1000 Network Driver - version 7.3.21-k8-NAPI
[    1.168544] e1000: Copyright (c) 1999-2006 Intel Corporation.
[    1.169643] Fusion MPT base driver 3.04.20
[    1.170520] Copyright (c) 1999-2008 LSI Corporation
[    1.174652] Fusion MPT SPI Host driver 3.04.20
[    1.189758] AVX2 version of gcm_enc/dec engaged.
[    1.190914] AES CTR mode by8 optimization enabled
[    1.383165] input: ImExPS/2 Generic Explorer Mouse as /devices/platform/i8042/serio1/input/input4
[    1.529565] e1000 0000:00:03.0 eth0: (PCI:33MHz:32-bit) 02:ed:98:3c:8e:82
[    1.530945] e1000 0000:00:03.0 eth0: Intel(R) PRO/1000 Network Connection
[    1.532736] mptbase: ioc0: Initiating bringup
[    1.595011] ioc0: LSI53C1030 A0: Capabilities={Initiator}
[    1.764584] scsi host2: ioc0: LSI53C1030 A0, FwRev=00000000h, Ports=1, MaxQ=256, IRQ=20
[    1.879830] scsi 2:0:0:0: Direct-Access     VBOX     HARDDISK         1.0  PQ: 0 ANSI: 5
[    1.885610] scsi target2:0:0: Beginning Domain Validation
[    1.891644] scsi target2:0:0: Domain Validation skipping write tests
[    1.894037] scsi target2:0:0: Ending Domain Validation
[    1.896709] scsi target2:0:0: asynchronous
[    1.899268] scsi 2:0:1:0: Direct-Access     VBOX     HARDDISK         1.0  PQ: 0 ANSI: 5
[    1.901530] scsi target2:0:1: Beginning Domain Validation
[    1.908196] scsi target2:0:1: Domain Validation skipping write tests
[    1.909644] scsi target2:0:1: Ending Domain Validation
[    1.922826] scsi target2:0:1: asynchronous
[    1.979073] sd 2:0:0:0: Attached scsi generic sg0 type 0
[    1.980461] sd 2:0:0:0: [sda] 83886080 512-byte logical blocks: (42.9 GB/40.0 GiB)
[    1.992453] sd 2:0:1:0: Attached scsi generic sg1 type 0
[    1.993925] sd 2:0:1:0: [sdb] 20480 512-byte logical blocks: (10.5 MB/10.0 MiB)
[    1.995971] sd 2:0:0:0: [sda] Write Protect is off
[    1.997673] sd 2:0:1:0: [sdb] Write Protect is off
[    1.998810] sd 2:0:1:0: [sdb] Incomplete mode parameter data
[    1.999869] sd 2:0:1:0: [sdb] Assuming drive cache: write through
[    2.000997] sd 2:0:0:0: [sda] Incomplete mode parameter data
[    2.002362] sd 2:0:0:0: [sda] Assuming drive cache: write through
[    2.015248]  sda: sda1
[    2.017100] sd 2:0:1:0: [sdb] Attached SCSI disk
[    2.018381] sd 2:0:0:0: [sda] Attached SCSI disk
[    2.266355] e1000 0000:00:08.0 eth1: (PCI:33MHz:32-bit) 08:00:27:4d:80:ed
[    2.267921] e1000 0000:00:08.0 eth1: Intel(R) PRO/1000 Network Connection
[    2.270217] e1000 0000:00:08.0 enp0s8: renamed from eth1
[    2.283229] e1000 0000:00:03.0 enp0s3: renamed from eth0
Begin: Loading essential drivers ... [    3.658937] md: linear personality registered for level -1
[    3.665746] md: multipath personality registered for level -4
[    3.670284] md: raid0 personality registered for level 0
[    3.674697] md: raid1 personality registered for level 1
[    3.746937] raid6: sse2x1   gen() 11778 MB/s
[    3.814148] raid6: sse2x1   xor()  7499 MB/s
[    3.882200] raid6: sse2x2   gen() 15432 MB/s
[    3.950351] raid6: sse2x2   xor() 12160 MB/s
[    4.018586] raid6: sse2x4   gen() 18589 MB/s
[    4.086345] raid6: sse2x4   xor() 11573 MB/s
[    4.154138] raid6: avx2x1   gen() 25305 MB/s
[    4.222178] raid6: avx2x2   gen() 27972 MB/s
[    4.290123] raid6: avx2x4   gen() 29072 MB/s
[    4.290976] raid6: using algorithm avx2x4 gen() 29072 MB/s
[    4.291880] raid6: using avx2x2 recovery algorithm
[    4.293789] xor: automatically using best checksumming function:
[    4.334551]    avx       : 26566.000 MB/sec
[    4.336719] async_tx: api initialized (async)
[    4.347370] md: raid6 personality registered for level 6
[    4.348366] md: raid5 personality registered for level 5
[    4.349233] md: raid4 personality registered for level 4
[    4.355457] md: raid10 personality registered for level 10
done.
Begin: Running /scripts/init-premount ... done.
Begin: Mounting root file system ... Begin: Running /scripts/local-top ... done.
Begin: Running /scripts/local-premount ... [    4.384523] Btrfs loaded
Scanning for Btrfs filesystems
done.
Warning: fsck not present, so skipping root file system
[    4.421068] EXT4-fs (sda1): mounted filesystem with ordered data mode. Opts: (null)
done.
Begin: Running /scripts/local-bottom ... done.
Begin: Running /scripts/init-bottom ... done.
[    4.494422] systemd[1]: systemd 229 running in system mode. (+PAM +AUDIT +SELINUX +IMA +APPARMOR +SMACK +SYSVINIT +UTMP +LIBCRYPTSETUP +GCRYPT +GNUTLS +ACL +XZ -LZ4 +SECCOMP +BLKID +ELFUTILS +KMOD -IDN)
[    4.497319] systemd[1]: Detected virtualization oracle.
[    4.498163] systemd[1]: Detected architecture x86-64.

Welcome to [1mUbuntu 16.04.7 LTS[0m!

[    4.501367] systemd[1]: Set hostname to <ubuntu>.
[    4.504787] systemd[1]: Initializing machine ID from random generator.
[    4.505839] systemd[1]: Installed transient /etc/machine-id file.
[    4.598549] systemd[1]: Listening on /dev/initctl Compatibility Named Pipe.
[[0;32m  OK  [0m] Listening on /dev/initctl Compatibility Named Pipe.
[    4.600707] systemd[1]: Listening on udev Control Socket.
[[0;32m  OK  [0m] Listening on udev Control Socket.
[    4.602604] systemd[1]: Created slice User and Session Slice.
[[0;32m  OK  [0m] Created slice User and Session Slice.
[    4.604205] systemd[1]: Listening on Journal Socket.
[[0;32m  OK  [0m] Listening on Journal Socket.
[    4.605635] systemd[1]: Reached target System Time Synchronized.
[[0;32m  OK  [0m] Reached target System Time Synchronized.
[    4.607499] systemd[1]: Created slice System Slice.
[[0;32m  OK  [0m] Created slice System Slice.
[    4.618187] systemd[1]: Starting Nameserver information manager...
         Starting Nameserver information manager...
[    4.620910] systemd[1]: Starting Create list of required static device nodes for the current kernel...
         Starting Create list of required st... nodes for the current kernel...
[    4.623576] systemd[1]: Reached target Slices.
[[0;32m  OK  [0m] Reached target Slices.
[    4.625734] systemd[1]: Mounting POSIX Message Queue File System...
         Mounting POSIX Message Queue File System...
[    4.627612] systemd[1]: Listening on LVM2 poll daemon socket.
[[0;32m  OK  [0m] Listening on LVM2 poll daemon socket.
[    4.629960] systemd[1]: Mounting Debug File System...
         Mounting Debug File System...
[    4.631438] systemd[1]: Started Forward Password Requests to Wall Directory Watch.
[[0;32m  OK  [0m] Started Forward Password Requests to Wall Directory Watch.
[    4.633591] systemd[1]: Reached target Encrypted Volumes.
[[0;32m  OK  [0m] Reached target Encrypted Volumes.
[    4.635680] systemd[1]: Starting Set console keymap...
         Starting Set console keymap...
[    4.637313] systemd[1]: Listening on Journal Audit Socket.
[[0;32m  OK  [0m] Listening on Journal Audit Socket.
[    4.639083] systemd[1]: Listening on Journal Socket (/dev/log).
[[0;32m  OK  [0m] Listening on Journal Socket (/dev/log).
[    4.640986] systemd[1]: Listening on udev Kernel Socket.
[[0;32m  OK  [0m] Listening on udev Kernel Socket.
[    4.650872] systemd[1]: Started Trigger resolvconf update for networkd DNS.
[[0;32m  OK  [0m] Started Trigger resolvconf update for networkd DNS.
[    4.653549] systemd[1]: Listening on fsck to fsckd communication Socket.
[[0;32m  OK  [0m] Listening on fsck to fsckd communication Socket.
[    4.671223] systemd[1]: Starting Load Kernel Modules...
         Starting Load Kernel Modules...
[    4.674365] systemd[1]: Reached target User and Group Name Lookups.
[[0;32m  OK  [0m] Reached target User and Group Name Lookups.
[    4.677805] systemd[1]: Listening on Device-mapper event daemon FIFOs.
[[0;32m  OK  [0m] Listening on Device-mapper event daemon FIFOs.
[    4.680298] systemd[1]: Reached target Swap.
[[0;32m  OK  [0m] Reached target Swap.
[    4.682569] Loading iSCSI transport class v2.0-870.
[    4.682892] systemd[1]: Created slice system-serial\x2dgetty.slice.
[[0;32m  OK  [0m] Created slice system-serial\x2dgetty.slice.
[    4.686504] systemd[1]: Listening on LVM2 metadata daemon socket.
[[0;32m  OK  [0m] Listening on LVM2 metadata daemon socket.
[    4.688889] systemd[1]: Starting Uncomplicated firewall...
         Starting Uncomplicated firewall...
[    4.691727] systemd[1]: Listening on Syslog Socket.
[    4.692894] iscsi: registered transport (tcp)
[[0;32m  OK  [0m] Listening on Syslog Socket.
[    4.695138] systemd[1]: Starting Journal Service...
         Starting Journal Service...
[    4.700421] systemd[1]: Starting Monitoring of LVM2 mirrors, snapshots etc. using dmeventd or progress polling...
         Starting Monitoring of LVM2 mirrors... dmeventd or progress polling...
[    4.703929] systemd[1]: Set up automount Arbitrary Executable File Formats File System Automount Point.
[[0;32m  OK  [0m] Set up automount Arbitrary Executab...ats File System Automount Point.
[    4.708840] systemd[1]: Mounting Huge Pages File System...
         Mounting Huge Pages File System...
[    4.711720] systemd[1]: Starting File System Check on Root Device...
         Starting File System Check on Root Device...
[    4.719939] systemd[1]: Mounted POSIX Message Queue File System.
[[0;32m  OK  [0m] Mounted POSIX Message Queue File System.
[    4.722315] systemd[1]: Mounted Debug File System.
[[0;32m  OK  [0m] Mounted Debug File System.
[    4.724437] systemd[1]: Mounted Huge Pages File System.
[[0;32m  OK  [0m] Mounted Huge Pages File System.
[    4.727361] systemd[1]: Started Create list of required static device nodes for the current kernel.
[[0;32m  OK  [0m] Started Create list of required sta...ce nodes for the current kernel.
[    4.732632] systemd[1]: Started Set console keymap.
[[0;32m  OK  [0m] Started Set console keymap.
[    4.735029] systemd[1]: Started Uncomplicated firewall.
[[0;32m  OK  [0m] Started Uncomplicated firewall.
[    4.737711] systemd[1]: Started Nameserver information manager.
[[0;32m  OK  [0m] Started Nameserver information manager.
[    4.741705] systemd[1]: Started Journal Service.
[[0;32m  OK  [0m] Started Journal Service.
[[0;32m  OK  [0m] Started File System Check Daemon to report status.
[[0;32m  OK  [0m] Started LVM2 metadata daemon.
         Starting Create Static Device Nodes in /dev...
[    4.761151] iscsi: registered transport (iser)
[[0;32m  OK  [0m] Started Load Kernel Modules.
         Starting Apply Kernel Variables...
         Mounting FUSE Control File System...
[[0;32m  OK  [0m] Mounted FUSE Control File System.
[[0;32m  OK  [0m] Started Apply Kernel Variables.
[[0;32m  OK  [0m] Started File System Check on Root Device.
[[0;32m  OK  [0m] Started Create Static Device Nodes in /dev.
         Starting udev Kernel Device Manager...
         Starting Remount Root and Kernel File Systems...
[[0;32m  OK  [0m] Started Remount Root and Kernel File Systems.
         Starting Load/Save Random Seed...
         Starting udev Coldplug all Devices...
         Starting Flush Journal to Persistent Storage...
[[0;32m  OK  [0m] Started Load/Save Random Seed.
[[0;32m  OK  [0m] Started Flush Journal to Persistent Storage.
[[0;32m  OK  [0m] Started udev Kernel Device Manager.
[[0;32m  OK  [0m] Started udev Coldplug all Devices.
[[0;32m  OK  [0m] Started Dispatch Password Requests to Console Directory Watch.
[[0;32m  OK  [0m] Found device /dev/ttyS0.
[[0;32m  OK  [0m] Listening on Load/Save RF Kill Switch Status /dev/rfkill Watch.
[[0;32m  OK  [0m] Started Monitoring of LVM2 mirrors,...ng dmeventd or progress polling.
[[0;32m  OK  [0m] Reached target Local File Systems (Pre).
[[0;32m  OK  [0m] Reached target Local File Systems.
         Starting Tell Plymouth To Write Out Runtime Data...
         Starting Commit a transient machine-id on disk...
         Starting Initial cloud-init job (pre-networking)...
         Starting Set console font and keymap...
         Starting Create Volatile Files and Directories...
         Starting LSB: AppArmor initialization...
[[0;32m  OK  [0m] Started Tell Plymouth To Write Out Runtime Data.
[[0;32m  OK  [0m] Started Commit a transient machine-id on disk.
[[0;32m  OK  [0m] Started Create Volatile Files and Directories.
         Starting Update UTMP about System Boot/Shutdown...
[[0;32m  OK  [0m] Started Update UTMP about System Boot/Shutdown.
[[0;32m  OK  [0m] Started Set console font and keymap.
[[0;32m  OK  [0m] Created slice system-getty.slice.
[[0;32m  OK  [0m] Started LSB: AppArmor initialization.
         Starting Load AppArmor profiles managed internally by snapd...
[[0;32m  OK  [0m] Started Load AppArmor profiles managed internally by snapd.
[    6.403489] cloud-init[632]: Cloud-init v. 21.1-19-gbad84ad4-0ubuntu1~16.04.2 running 'init-local' at Fri, 18 Jun 2021 07:23:21 +0000. Up 6.13 seconds.
[[0;32m  OK  [0m] Started Initial cloud-init job (pre-networking).
[[0;32m  OK  [0m] Reached target Network (Pre).
         Starting Raise network interfaces...
[[0;32m  OK  [0m] Started Raise network interfaces.
         Starting Initial cloud-init job (metadata service crawler)...
[[0;32m  OK  [0m] Reached target Network.
[    7.385071] cloud-init[969]: Cloud-init v. 21.1-19-gbad84ad4-0ubuntu1~16.04.2 running 'init' at Fri, 18 Jun 2021 07:23:22 +0000. Up 6.96 seconds.
[    7.396420] cloud-init[969]: ci-info: ++++++++++++++++++++++++++++++++++++++Net device info+++++++++++++++++++++++++++++++++++++++
[    7.408685] cloud-init[969]: ci-info: +--------+-------+----------------------------+---------------+--------+-------------------+
[    7.410048] cloud-init[969]: ci-info: | Device |   Up  |          Address           |      Mask     | Scope  |     Hw-Address    |
[    7.420800] cloud-init[969]: ci-info: +--------+-------+----------------------------+---------------+--------+-------------------+
[    7.422358] cloud-init[969]: ci-info: | enp0s3 |  True |         10.0.2.15          | 255.255.255.0 | global | 02:ed:98:3c:8e:82 |
[    7.432620] [cloud-init[0;32m  OK  [0m[969]: ] ci-info: | enp0s3 |  True | fe80::ed:98ff:fe3c:8e82/64 |       .       |  link  | 02:ed:98:3c:8e:82 |Started Initial cloud-init job (metadata service crawler).

[    7.433056] cloud-init[969]: ci-info: | enp0s8 | False |             .              |       .       |   .    | 08:00:27:4d:80:ed |
[    7.441289] [cloud-init[0;32m  OK  [0m[969]: ] ci-info: |   lo   |  True |         127.0.0.1          |   255.0.0.0   |  host  |         .         |Reached target Cloud-config availability.

[[0;32m  OK  [0m] Reached target System Initialization.
[    7.443669] cloud-init[969]: ci-info: |   lo   |  True |          ::1/128           |       .       |  host  |         .         |
[[0;32m  OK  [0m] Started Message of the Day.
[[0;32m  OK  [0m] Started Daily Cleanup of Temporary Directories.
[[0;32m  OK  [0m] Listening on D-Bus System Message Bus Socket.
[    7.454605] cloud-init[969]: ci-info: +--------+-------+----------------------------+---------------+--------+-------------------+
[    7.458730] cloud-init[969]: ci-info: +++++++++++++++++++++++++++Route IPv4 info++++++++++++++++++++++++++++
[    7.459846] cloud-init[969]: ci-info: +-------+-------------+----------+---------------+-----------+-------+
[    7.461283] cloud-init[969]: ci-info: | Route | Destination | Gateway  |    Genmask    | Interface | Flags |
[    7.462899] cloud-init[969]: ci-info: +-------+-------------+----------+---------------+-----------+-------+
[    7.464220] cloud-init[969]: ci-info: |   0   |   0.0.0.0   | 10.0.2.2 |    0.0.0.0    |   enp0s3  |   UG  |
[    7.465271] cloud-init[969]: ci-info: |   1   |   10.0.2.0  | 0.0.0.0  | 255.255.255.0 |   enp0s3  |   U   |
[    7.466551] cloud-init[969]: ci-info: +-------+-------------+----------+---------------+-----------+-------+
[    7.467920] cloud-init[969]: [[0;32m  OK  [0m] Started ACPI Events Check.
[[0;32m  OK  [0m] Reached target Paths.
[[0;32m  OK  [0m] Listening on ACPID Listen Socket.
[[0;32m  OK  [0m] Listening on UUID daemon activation socket.
         Starting Socket activation for snappy daemon.
[[0;32m  OK  [0m] Started Daily apt download activities.
ci-info: +++++++++++++++++++Route IPv6 info+++++++++++++++++++         Starting LXD - unix socket.
[[0;32m  OK  [0m] Started Daily apt upgrade and clean activities.
[[0;32m  OK  [0m] Reached target Timers.
[[0;32m  OK  [0m] Reached target Network is Online.

[    7.473131] cloud-init[969]: ci-info: +-------+-------------+---------+-----------+-------+
[    7.474178] cloud-init[969]: ci-info: | Route | Destination | Gateway | Interface | Flags |
[    7.475181] cloud-init[969]: ci-info: +-------+-------------+---------+-----------+-------+
[    7.476384] cloud-init[969]: ci-info: |   0   |  fe80::/64  |    ::   |   enp0s3  |   U   |
[    7.477266] cloud-init[969]: ci-info: |   3   |   ff00::/8  |    ::   |   enp0s3  |   U   |
[    7.478156] cloud-init[969]: ci-info: +-------+-------------+---------+-----------+-------+
[    7.479116] cloud-init[969]: Generating public/private rsa key pair.
[    7.479851] cloud-init[969]: Your identification has been saved in /etc/ssh/ssh_host_rsa_key.
[    7.480895] cloud-init[969]: Your public key has been saved in /etc/ssh/ssh_host_rsa_key.pub.
[    7.481970] cloud-init[969]: The key fingerprint is:
[    7.482788] cloud-init[969]: SHA256:cbOVLz4bD+3uGIVT8XHO36lhsk/82OOoEgqbvvDxyAQ root@ubuntu-xenial
[    7.483850] cloud-init[969]: The key's randomart image is:
[    7.484652] cloud-init[969]: +---[RSA 2048]----+
[    7.485367] cloud-init[969]: |              ...|
[    7.486083] cloud-init[969]: |             . =o|
[    7.486828] cloud-init[969]: |        . o o . +|
[    7.487618] cloud-init[969]: |         o + +  +|         Starting iSCSI initiator daemon (iscsid)...

[    7.488783] [[0;32m  OK  [0m] Listening on Socket activation for snappy daemon.
[[0;32m  OK  [0m] Listening on LXD - unix socket.
[[0;32m  OK  [0m] Reached target Sockets.
[[0;32m  OK  [0m] Reached target Basic System.
         Starting LSB: Record successful boot for GRUB...
cloud-init[969]: |   E    S ..+oo.o|
[    7.491493] cloud-init[969]: [[0;32m  OK  [0m] Started ACPI event daemon.
[[0;32m  OK  [0m] Started D-Bus System Message Bus.
|    ..   . .==o  |
[    7.494305] cloud-init[969]: |   . o+ . ..*+.  |
[    7.498278] cloud-init[969]: |    =o+. .  oX=. |
[    7.499332] cloud-init[969]: |    .*..  ..+**+.|
[    7.500755] cloud-init[969]: +----[SHA256]-----+
[    7.502554] cloud-init[969]: Generating public/private dsa key pair.
[    7.503358] cloud-init[969]: Your identification has been saved in /etc/ssh/ssh_host_dsa_key.
[    7.504680] cloud-init[969]: Your public key has been saved in /etc/ssh/ssh_host_dsa_key.pub.
[    7.505682] cloud-init[969]: The key fingerprint is:
[    7.512290] cloud-init[969]: SHA256:SbFxIuxRgLCrZ1vxAdsSzyGNl1gHxb68/TZ8M0DWc5M root@ubuntu-xenial
[    7.513475] cloud-init[969]: The key's randomart image is:
[    7.514426] cloud-init[969]: +---[DSA 1024]----+
[    7.515311] cloud-init[969]: |  .. o=*B .      |
[    7.516247] cloud-init[969]: |   ..=o+.*       |
[    7.516906] cloud-init[969]: |  . *.=oo    .  .|
[    7.517685] cloud-init[969]: |   . X.o..  o oE.|
[    7.518393] cloud-init[969]: |  . + =.S. o   o.|
[    7.519175] cloud-init[969]: | .   + .o   .    |
[    7.519909] cloud-init[969]: |. o . .  o . .   |
[    7.520598] cloud-init[969]: | o o    . . + +  |
[    7.521172] cloud-init[969]: |  .        o.o o |
[    7.521908] cloud-init[969]: +----[SHA256]-----+
[    7.522589] cloud-init[969]: Generating public/private ecdsa key pair.
[    7.523456] cloud-init[969]: Your identification has been saved in /etc/ssh/ssh_host_ecdsa_key.
[    7.524474] cloud-init[969]: Your public key has been saved in /etc/ssh/ssh_host_ecdsa_key.pub.
[    7.525392] cloud-init[969]: The key fingerprint is:
[    7.526281] cloud-init[969]: SHA256:4Sa0a/r7wt/6Hk+Xn/AxnZXpgodHGtscc3b7UJX6UjU root@ubuntu-xenial
[    7.527374] cloud-init[969]: The key's randomart image is:
[    7.528020] cloud-init[969]: +---[ECDSA 256]---+
[    7.528623] cloud-init[969]: |                 |
[    7.529307] cloud-init[969]: |                .|
[    7.529982] cloud-init[969]: |      . .      Eo|
[    7.530654] cloud-init[969]: |     . o .    . *|
[    7.531345] cloud-init[969]: |      o S  . = *+|
         Starting Accounts Service...
[    7.532050] cloud-init[969]: |       +    X Oo*|         Starting LXD - container startup/shutdown...

[    7.533675]          Starting Pollinate to seed the pseudo random number generator...
[[0;32m  OK  [0m] Started Deferred execution scheduler.
[[0;32m  OK  [0m] Started Regular background program processing daemon.
         Starting /etc/rc.local Compatibility...
         Starting System Logging Service...
cloud-init[969]: |     .o   .=.O+B.|         Starting Virtualbox guest utils...

         Starting Snap Daemon...
[[0;32m  OK  [0m] Started FUSE filesystem for LXC.
         Starting LSB: MD monitoring daemon...
         Starting Login Service...
[    7.540451] cloud-init[969]: |     oo  . +o.=o=|
[    7.547327] cloud-init[969]: |    ..o=+++ .  oo|
[    7.548474] cloud-init[969]: +----[SHA256]-----+
[    7.549454] cloud-init[969]: Generating public/private ed25519 key pair.
[    7.550581] cloud-init[969]: Your identification has been saved in /etc/ssh/ssh_host_ed25519_key.
[    7.551839] [[0;32m  OK  [0m] Started /etc/rc.local Compatibility.
cloud-init[969]: Your public key has been saved in /etc/ssh/ssh_host_ed25519_key.pub.
[    7.554422] cloud-init[969]: The key fingerprint is:
[    7.565775] cloud-init[969]: SHA256:6XOBEMfzp6YscLgXjFknfOhd1PcBmyUD8h+GUAoazMc root@ubuntu-xenial
[    7.568928] cloud-init[969]: The key's randomart image is:
[    7.585404] [[0;32m  OK  [0m] Started Login Service.
cloud-init[[0;32m  OK  [0m] Started LSB: Record successful boot for GRUB.
[[0;32m  OK  [0m] Started Unattended Upgrades Shutdown.
[969]: +--[ED25519 256]--+
[    7.589973] cloud-init[969]: |    o.oo.o.+.+.. |
[    7.591068] cloud-init[969]: |     ooE+ * o B. |
[    7.592669] cloud-init[969]: |     oo. = o * ..|
[    7.593291] cloud-init[969]: |      =.ooo + . .|
[    7.594528] cloud-init[969]: |     B =S..o .   |
[    7.595728] cloud-init[969]: |    = =.. o.     |
[    7.596630] cloud-init[969]: |     + ooo.      |
[    7.598298] cloud-init[969]: |    . o oo       |
[    7.599259] cloud-init[969]: |     . .         |
[[0;32m  OK  [0m] Started iSCSI initiator daemon (iscsid).
         Starting Login to default iSCSI targets...
[    7.599950] cloud-init[969]: +----[SHA256]-----+
[[0;32m  OK  [0m] Started System Logging Service.
[[0;32m  OK  [0m] Started LSB: MD monitoring daemon.
         Starting Authenticate and Authorize Users to Run Privileged Tasks...
[[0;32m  OK  [0m] Started Login to default iSCSI targets.
[[0;32m  OK  [0m] Reached target Remote File Systems (Pre).
[[0;32m  OK  [0m] Reached target Remote File Systems.
         Starting LSB: daemon to balance interrupts for SMP systems...
         Starting LSB: Set the CPU Frequency Scaling governor to "ondemand"...
         Starting Permit User Sessions...
         Starting LSB: automatic crash report generation...
[[0;32m  OK  [0m] Started Permit User Sessions.
         Starting Hold until boot process finishes up...
         Starting Terminate Plymouth Boot Screen...
[[0;32m  OK  [0m] Started Hold until boot process finishes up.
[[0;32m  OK  [0m] Started LSB: daemon to balance interrupts for SMP systems.
[[0;32m  OK  [0m] Started Terminate Plymouth Boot Screen.
[[0;32m  OK  [0m] Started Getty on tty1.
         Starting Set console scheme...
[[0;32m  OK  [0m] Started Serial Getty on ttyS0.
[[0;32m  OK  [0m] Reached target Login Prompts.
[[0;32m  OK  [0m] Started Set console scheme.
[[0;32m  OK  [0m] Started Authenticate and Authorize Users to Run Privileged Tasks.
[[0;32m  OK  [0m] Started Accounts Service.
[[0;32m  OK  [0m] Started LSB: Set the CPU Frequency Scaling governor to "ondemand".
[[0;32m  OK  [0m] Started LSB: automatic crash report generation.
[[0;32m  OK  [0m] Started Virtualbox guest utils.
[[0;32m  OK  [0m] Started LXD - container startup/shutdown.
[[0;32m  OK  [0m] Started Snap Daemon.
         Starting Wait until snapd is fully seeded...
[[0;32m  OK  [0m] Started Pollinate to seed the pseudo random number generator.
         Starting OpenBSD Secure Shell server...
[[0;32m  OK  [0m] Started OpenBSD Secure Shell server.
[[0;32m  OK  [0m] Started Wait until snapd is fully seeded.
[[0;32m  OK  [0m] Reached target Multi-User System.
[[0;32m  OK  [0m] Reached target Graphical Interface.
         Starting Update UTMP about System Runlevel Changes...
         Starting Apply the settings specified in cloud-config...
[[0;32m  OK  [0m] Started Update UTMP about System Runlevel Changes.
[    8.872498] cloud-init[1325]: Generating locales (this might take a while)...
[    9.541647] cloud-init[1325]:   en_US.UTF-8... done
[    9.542656] cloud-init[1325]: Generation complete.
[    9.917224] cloud-init[1325]: Cloud-init v. 21.1-19-gbad84ad4-0ubuntu1~16.04.2 running 'modules:config' at Fri, 18 Jun 2021 07:23:24 +0000. Up 8.76 seconds.
[[0;32m  OK  [0m] Started Apply the settings specified in cloud-config.
         Starting Execute cloud user/final scripts...
ci-info: no authorized SSH keys fingerprints found for user ubuntu.
<14>Jun 18 07:23:26 ec2: 
<14>Jun 18 07:23:26 ec2: #############################################################
<14>Jun 18 07:23:26 ec2: -----BEGIN SSH HOST KEY FINGERPRINTS-----
<14>Jun 18 07:23:26 ec2: 1024 SHA256:SbFxIuxRgLCrZ1vxAdsSzyGNl1gHxb68/TZ8M0DWc5M root@ubuntu-xenial (DSA)
<14>Jun 18 07:23:26 ec2: 256 SHA256:4Sa0a/r7wt/6Hk+Xn/AxnZXpgodHGtscc3b7UJX6UjU root@ubuntu-xenial (ECDSA)
<14>Jun 18 07:23:26 ec2: 256 SHA256:6XOBEMfzp6YscLgXjFknfOhd1PcBmyUD8h+GUAoazMc root@ubuntu-xenial (ED25519)
<14>Jun 18 07:23:26 ec2: 2048 SHA256:cbOVLz4bD+3uGIVT8XHO36lhsk/82OOoEgqbvvDxyAQ root@ubuntu-xenial (RSA)
<14>Jun 18 07:23:26 ec2: -----END SSH HOST KEY FINGERPRINTS-----
<14>Jun 18 07:23:26 ec2: #############################################################
-----BEGIN SSH HOST KEY KEYS-----
ecdsa-sha2-nistp256 AAAAE2VjZHNhLXNoYTItbmlzdHAyNTYAAAAIbmlzdHAyNTYAAABBBKmAwLFUo5UxI3Nk2zJYD7YluGSiR1SSbK6wfG6lnr2S4Z+w9Fgrgc3iGbrw8qnUnEuNwtDRa/XEUk5z6M3FBCk= root@ubuntu-xenial
ssh-ed25519 AAAAC3NzaC1lZDI1NTE5AAAAIGiEEVen9VuSUQMFDNYXP95R9sl0Z9aIzHmq0G1uiVNd root@ubuntu-xenial
ssh-rsa AAAAB3NzaC1yc2EAAAADAQABAAABAQCYdg3+PShRNidHqXjgNFKK2wMYih5YYOLotPyOw7/S8TE8zjsy9vgzNk06lwOGYyAKic/IE4rseZ93uMs2uzdWl8B5USSQBpidjse78ny8qyHux/117Ls/12S6qK/FR1Q1Kk3A+jX0e2KiPtQPgtNuNDQZuOBm5GxiD9RUs8p7buT/CRXUJqja74Skd0e2qyiQw+Y/9HIcxOyQWcLRHH1+KXS3+dnKZh/wJEZgF+N9Rq2ipRHN7JxnxzEDBJ8S/3rD9FHJobs/iiQ0aH8TPapwbGTLp6IR1DJzzU51horwf9KTSv2uu+jd2g4YvJbi52i8iGjEfVebAgupevh5rGFr root@ubuntu-xenial
-----END SSH HOST KEY KEYS-----
[   10.364354] cloud-init[1366]: Cloud-init v. 21.1-19-gbad84ad4-0ubuntu1~16.04.2 running 'modules:final' at Fri, 18 Jun 2021 07:23:25 +0000. Up 10.20 seconds.
[   10.366196] cloud-init[1366]: ci-info: no authorized SSH keys fingerprints found for user ubuntu.
[   10.367320] cloud-init[1366]: Cloud-init v. 21.1-19-gbad84ad4-0ubuntu1~16.04.2 finished at Fri, 18 Jun 2021 07:23:26 +0000. Datasource DataSourceNoCloud [seed=/dev/sdb][dsmode=net].  Up 10.35 seconds
[[0;32m  OK  [0m] Started Execute cloud user/final scripts.
[[0;32m  OK  [0m] Reached target Cloud-init target.

Ubuntu 16.04.7 LTS ubuntu-xenial ttyS0

ubuntu-xenial login: 